
(gedit:62074): GLib-GIO-CRITICAL **: 21:43:34.811: g_dbus_proxy_new_sync: assertion 'G_IS_DBUS_CONNECTION (connection)' failed

(gedit:62074): dconf-WARNING **: 21:43:34.819: failed to commit changes to dconf: The connection is closed

(gedit:62074): dconf-WARNING **: 21:43:34.827: failed to commit changes to dconf: The connection is closed
Error creating proxy: The connection is closed (g-io-error-quark, 18)
Error creating proxy: The connection is closed (g-io-error-quark, 18)
Error creating proxy: The connection is closed (g-io-error-quark, 18)
Error creating proxy: The connection is closed (g-io-error-quark, 18)
Error creating proxy: The connection is closed (g-io-error-quark, 18)

(gedit:62074): dconf-WARNING **: 21:43:34.999: failed to commit changes to dconf: The connection is closed

(gedit:62074): dconf-WARNING **: 21:43:35.000: failed to commit changes to dconf: The connection is closed

(gedit:62074): dconf-WARNING **: 21:43:35.000: failed to commit changes to dconf: The connection is closed

** (gedit:62074): WARNING **: 21:43:39.442: Set document metadata failed: Setting attribute metadata::gedit-spell-language not supported

** (gedit:62074): WARNING **: 21:43:39.443: Set document metadata failed: Setting attribute metadata::gedit-encoding not supported

** (gedit:62074): WARNING **: 21:44:00.354: Set document metadata failed: Setting attribute metadata::gedit-spell-language not supported

** (gedit:62074): WARNING **: 21:44:00.355: Set document metadata failed: Setting attribute metadata::gedit-encoding not supported

** (gedit:62074): WARNING **: 21:44:02.090: Set document metadata failed: Setting attribute metadata::gedit-spell-language not supported

** (gedit:62074): WARNING **: 21:44:02.091: Set document metadata failed: Setting attribute metadata::gedit-encoding not supported

** (gedit:62074): WARNING **: 21:44:55.338: Set document metadata failed: Setting attribute metadata::gedit-spell-language not supported

** (gedit:62074): WARNING **: 21:44:55.338: Set document metadata failed: Setting attribute metadata::gedit-encoding not supported

** (gedit:62074): WARNING **: 21:46:46.759: Set document metadata failed: Setting attribute metadata::gedit-spell-language not supported

** (gedit:62074): WARNING **: 21:46:46.759: Set document metadata failed: Setting attribute metadata::gedit-encoding not supported

** (gedit:62074): WARNING **: 21:47:28.525: Set document metadata failed: Setting attribute metadata::gedit-spell-language not supported

** (gedit:62074): WARNING **: 21:47:28.525: Set document metadata failed: Setting attribute metadata::gedit-encoding not supported

** (gedit:62074): WARNING **: 21:47:37.688: Set document metadata failed: Setting attribute metadata::gedit-spell-language not supported

** (gedit:62074): WARNING **: 21:47:37.688: Set document metadata failed: Setting attribute metadata::gedit-encoding not supported

** (gedit:62074): WARNING **: 21:47:49.317: Set document metadata failed: Setting attribute metadata::gedit-spell-language not supported

** (gedit:62074): WARNING **: 21:47:49.317: Set document metadata failed: Setting attribute metadata::gedit-encoding not supported

** (gedit:62074): WARNING **: 21:54:56.772: Set document metadata failed: Setting attribute metadata::gedit-spell-language not supported

** (gedit:62074): WARNING **: 21:54:56.773: Set document metadata failed: Setting attribute metadata::gedit-encoding not supported

** (gedit:62074): WARNING **: 21:55:08.014: Set document metadata failed: Setting attribute metadata::gedit-spell-language not supported

** (gedit:62074): WARNING **: 21:55:08.014: Set document metadata failed: Setting attribute metadata::gedit-encoding not supported

** (gedit:62074): WARNING **: 21:55:20.856: Set document metadata failed: Setting attribute metadata::gedit-spell-language not supported

** (gedit:62074): WARNING **: 21:55:20.857: Set document metadata failed: Setting attribute metadata::gedit-encoding not supported

** (gedit:62074): WARNING **: 21:55:54.352: Set document metadata failed: Setting attribute metadata::gedit-spell-language not supported

** (gedit:62074): WARNING **: 21:55:54.352: Set document metadata failed: Setting attribute metadata::gedit-encoding not supported

** (gedit:62074): WARNING **: 21:55:54.625: Set document metadata failed: Setting attribute metadata::gedit-spell-language not supported

** (gedit:62074): WARNING **: 21:55:54.625: Set document metadata failed: Setting attribute metadata::gedit-encoding not supported

** (gedit:62074): WARNING **: 21:56:08.296: Set document metadata failed: Setting attribute metadata::gedit-spell-language not supported

** (gedit:62074): WARNING **: 21:56:08.297: Set document metadata failed: Setting attribute metadata::gedit-encoding not supported

** (gedit:62074): WARNING **: 21:56:53.618: Set document metadata failed: Setting attribute metadata::gedit-spell-language not supported

** (gedit:62074): WARNING **: 21:56:53.618: Set document metadata failed: Setting attribute metadata::gedit-encoding not supported

** (gedit:62074): WARNING **: 21:57:00.846: Set document metadata failed: Setting attribute metadata::gedit-spell-language not supported

** (gedit:62074): WARNING **: 21:57:00.847: Set document metadata failed: Setting attribute metadata::gedit-encoding not supported

** (gedit:62074): WARNING **: 21:57:07.017: Set document metadata failed: Setting attribute metadata::gedit-spell-language not supported

** (gedit:62074): WARNING **: 21:57:07.017: Set document metadata failed: Setting attribute metadata::gedit-encoding not supported

** (gedit:62074): WARNING **: 21:57:16.173: Set document metadata failed: Setting attribute metadata::gedit-spell-language not supported

** (gedit:62074): WARNING **: 21:57:16.174: Set document metadata failed: Setting attribute metadata::gedit-encoding not supported

** (gedit:62074): WARNING **: 21:57:35.906: Set document metadata failed: Setting attribute metadata::gedit-spell-language not supported

** (gedit:62074): WARNING **: 21:57:35.906: Set document metadata failed: Setting attribute metadata::gedit-encoding not supported

** (gedit:62074): WARNING **: 21:57:52.024: Set document metadata failed: Setting attribute metadata::gedit-spell-language not supported

** (gedit:62074): WARNING **: 21:57:52.024: Set document metadata failed: Setting attribute metadata::gedit-encoding not supported

** (gedit:62074): WARNING **: 21:58:20.869: Set document metadata failed: Setting attribute metadata::gedit-spell-language not supported

** (gedit:62074): WARNING **: 21:58:20.870: Set document metadata failed: Setting attribute metadata::gedit-encoding not supported

** (gedit:62074): WARNING **: 22:34:04.432: Set document metadata failed: Setting attribute metadata::gedit-spell-language not supported

** (gedit:62074): WARNING **: 22:34:04.432: Set document metadata failed: Setting attribute metadata::gedit-encoding not supported

** (gedit:62074): WARNING **: 22:35:33.957: Set document metadata failed: Setting attribute metadata::gedit-spell-language not supported

** (gedit:62074): WARNING **: 22:35:33.957: Set document metadata failed: Setting attribute metadata::gedit-encoding not supported

** (gedit:62074): WARNING **: 22:36:42.736: Set document metadata failed: Setting attribute metadata::gedit-spell-language not supported

** (gedit:62074): WARNING **: 22:36:42.737: Set document metadata failed: Setting attribute metadata::gedit-encoding not supported

** (gedit:62074): WARNING **: 22:36:49.999: Set document metadata failed: Setting attribute metadata::gedit-spell-language not supported

** (gedit:62074): WARNING **: 22:36:50.000: Set document metadata failed: Setting attribute metadata::gedit-encoding not supported

** (gedit:62074): WARNING **: 22:37:23.612: Set document metadata failed: Setting attribute metadata::gedit-spell-language not supported

** (gedit:62074): WARNING **: 22:37:23.612: Set document metadata failed: Setting attribute metadata::gedit-encoding not supported

** (gedit:62074): WARNING **: 22:37:42.051: Set document metadata failed: Setting attribute metadata::gedit-spell-language not supported

** (gedit:62074): WARNING **: 22:37:42.051: Set document metadata failed: Setting attribute metadata::gedit-encoding not supported

** (gedit:62074): WARNING **: 22:37:47.261: Set document metadata failed: Setting attribute metadata::gedit-spell-language not supported

** (gedit:62074): WARNING **: 22:37:47.261: Set document metadata failed: Setting attribute metadata::gedit-encoding not supported

** (gedit:62074): WARNING **: 22:37:50.187: Set document metadata failed: Setting attribute metadata::gedit-spell-language not supported

** (gedit:62074): WARNING **: 22:37:50.187: Set document metadata failed: Setting attribute metadata::gedit-encoding not supported

** (gedit:62074): WARNING **: 22:37:56.903: Set document metadata failed: Setting attribute metadata::gedit-spell-language not supported

** (gedit:62074): WARNING **: 22:37:56.903: Set document metadata failed: Setting attribute metadata::gedit-encoding not supported

** (gedit:62074): WARNING **: 22:38:20.945: Set document metadata failed: Setting attribute metadata::gedit-spell-language not supported

** (gedit:62074): WARNING **: 22:38:20.945: Set document metadata failed: Setting attribute metadata::gedit-encoding not supported

** (gedit:62074): WARNING **: 22:38:38.531: Set document metadata failed: Setting attribute metadata::gedit-spell-language not supported

** (gedit:62074): WARNING **: 22:38:38.531: Set document metadata failed: Setting attribute metadata::gedit-encoding not supported

** (gedit:62074): WARNING **: 22:39:27.239: Set document metadata failed: Setting attribute metadata::gedit-spell-language not supported

** (gedit:62074): WARNING **: 22:39:27.239: Set document metadata failed: Setting attribute metadata::gedit-encoding not supported

** (gedit:62074): WARNING **: 22:39:54.445: Set document metadata failed: Setting attribute metadata::gedit-spell-language not supported

** (gedit:62074): WARNING **: 22:39:54.446: Set document metadata failed: Setting attribute metadata::gedit-encoding not supported

** (gedit:62074): WARNING **: 22:40:45.662: Set document metadata failed: Setting attribute metadata::gedit-spell-language not supported

** (gedit:62074): WARNING **: 22:40:45.662: Set document metadata failed: Setting attribute metadata::gedit-encoding not supported

** (gedit:62074): WARNING **: 22:41:12.678: Set document metadata failed: Setting attribute metadata::gedit-spell-language not supported

** (gedit:62074): WARNING **: 22:41:12.679: Set document metadata failed: Setting attribute metadata::gedit-encoding not supported

** (gedit:62074): WARNING **: 22:42:05.922: Set document metadata failed: Setting attribute metadata::gedit-spell-language not supported

** (gedit:62074): WARNING **: 22:42:05.922: Set document metadata failed: Setting attribute metadata::gedit-encoding not supported

** (gedit:62074): WARNING **: 22:42:22.288: Set document metadata failed: Setting attribute metadata::gedit-spell-language not supported

** (gedit:62074): WARNING **: 22:42:22.288: Set document metadata failed: Setting attribute metadata::gedit-encoding not supported

** (gedit:62074): WARNING **: 22:42:27.332: Set document metadata failed: Setting attribute metadata::gedit-spell-language not supported

** (gedit:62074): WARNING **: 22:42:27.332: Set document metadata failed: Setting attribute metadata::gedit-encoding not supported

** (gedit:62074): WARNING **: 22:42:28.174: Set document metadata failed: Setting attribute metadata::gedit-spell-language not supported

** (gedit:62074): WARNING **: 22:42:28.174: Set document metadata failed: Setting attribute metadata::gedit-encoding not supported

** (gedit:62074): WARNING **: 22:42:33.228: Set document metadata failed: Setting attribute metadata::gedit-spell-language not supported

** (gedit:62074): WARNING **: 22:42:33.229: Set document metadata failed: Setting attribute metadata::gedit-encoding not supported

** (gedit:62074): WARNING **: 22:42:39.157: Set document metadata failed: Setting attribute metadata::gedit-spell-language not supported

** (gedit:62074): WARNING **: 22:42:39.158: Set document metadata failed: Setting attribute metadata::gedit-encoding not supported

** (gedit:62074): WARNING **: 22:42:47.167: Set document metadata failed: Setting attribute metadata::gedit-spell-language not supported

** (gedit:62074): WARNING **: 22:42:47.168: Set document metadata failed: Setting attribute metadata::gedit-encoding not supported

** (gedit:62074): WARNING **: 22:45:56.432: Set document metadata failed: Setting attribute metadata::gedit-spell-language not supported

** (gedit:62074): WARNING **: 22:45:56.433: Set document metadata failed: Setting attribute metadata::gedit-encoding not supported

** (gedit:62074): WARNING **: 22:49:13.417: Set document metadata failed: Setting attribute metadata::gedit-spell-language not supported

** (gedit:62074): WARNING **: 22:49:13.417: Set document metadata failed: Setting attribute metadata::gedit-encoding not supported

** (gedit:62074): WARNING **: 22:49:29.001: Set document metadata failed: Setting attribute metadata::gedit-spell-language not supported

** (gedit:62074): WARNING **: 22:49:29.001: Set document metadata failed: Setting attribute metadata::gedit-encoding not supported

** (gedit:62074): WARNING **: 22:49:43.532: Set document metadata failed: Setting attribute metadata::gedit-spell-language not supported

** (gedit:62074): WARNING **: 22:49:43.533: Set document metadata failed: Setting attribute metadata::gedit-encoding not supported

** (gedit:62074): WARNING **: 22:50:30.867: Set document metadata failed: Setting attribute metadata::gedit-spell-language not supported

** (gedit:62074): WARNING **: 22:50:30.867: Set document metadata failed: Setting attribute metadata::gedit-encoding not supported

** (gedit:62074): WARNING **: 22:53:29.420: Set document metadata failed: Setting attribute metadata::gedit-spell-language not supported

** (gedit:62074): WARNING **: 22:53:29.420: Set document metadata failed: Setting attribute metadata::gedit-encoding not supported

** (gedit:62074): WARNING **: 22:54:07.824: Set document metadata failed: Setting attribute metadata::gedit-spell-language not supported

** (gedit:62074): WARNING **: 22:54:07.824: Set document metadata failed: Setting attribute metadata::gedit-encoding not supported

** (gedit:62074): WARNING **: 22:56:11.586: Set document metadata failed: Setting attribute metadata::gedit-spell-language not supported

** (gedit:62074): WARNING **: 22:56:11.587: Set document metadata failed: Setting attribute metadata::gedit-encoding not supported

** (gedit:62074): WARNING **: 22:57:03.347: Set document metadata failed: Setting attribute metadata::gedit-spell-language not supported

** (gedit:62074): WARNING **: 22:57:03.347: Set document metadata failed: Setting attribute metadata::gedit-encoding not supported

** (gedit:62074): WARNING **: 22:59:28.278: Set document metadata failed: Setting attribute metadata::gedit-spell-language not supported

** (gedit:62074): WARNING **: 22:59:28.278: Set document metadata failed: Setting attribute metadata::gedit-encoding not supported

** (gedit:62074): WARNING **: 22:59:43.520: Set document metadata failed: Setting attribute metadata::gedit-spell-language not supported

** (gedit:62074): WARNING **: 22:59:43.520: Set document metadata failed: Setting attribute metadata::gedit-encoding not supported

** (gedit:62074): WARNING **: 23:00:36.805: Set document metadata failed: Setting attribute metadata::gedit-spell-language not supported

** (gedit:62074): WARNING **: 23:00:36.806: Set document metadata failed: Setting attribute metadata::gedit-encoding not supported

** (gedit:62074): WARNING **: 23:01:28.043: Set document metadata failed: Setting attribute metadata::gedit-spell-language not supported

** (gedit:62074): WARNING **: 23:01:28.044: Set document metadata failed: Setting attribute metadata::gedit-encoding not supported

** (gedit:62074): WARNING **: 23:01:41.171: Set document metadata failed: Setting attribute metadata::gedit-spell-language not supported

** (gedit:62074): WARNING **: 23:01:41.171: Set document metadata failed: Setting attribute metadata::gedit-encoding not supported

** (gedit:62074): WARNING **: 23:01:47.797: Set document metadata failed: Setting attribute metadata::gedit-spell-language not supported

** (gedit:62074): WARNING **: 23:01:47.797: Set document metadata failed: Setting attribute metadata::gedit-encoding not supported

** (gedit:62074): WARNING **: 23:02:24.621: Set document metadata failed: Setting attribute metadata::gedit-spell-language not supported

** (gedit:62074): WARNING **: 23:02:24.622: Set document metadata failed: Setting attribute metadata::gedit-encoding not supported

** (gedit:62074): WARNING **: 23:05:17.013: Set document metadata failed: Setting attribute metadata::gedit-spell-language not supported

** (gedit:62074): WARNING **: 23:05:17.013: Set document metadata failed: Setting attribute metadata::gedit-encoding not supported

(gedit:66389): GLib-GIO-CRITICAL **: 23:34:29.831: g_dbus_proxy_new_sync: assertion 'G_IS_DBUS_CONNECTION (connection)' failed

(gedit:66389): dconf-WARNING **: 23:34:29.839: failed to commit changes to dconf: The connection is closed

(gedit:66389): dconf-WARNING **: 23:34:29.852: failed to commit changes to dconf: The connection is closed
Error creating proxy: The connection is closed (g-io-error-quark, 18)
Error creating proxy: The connection is closed (g-io-error-quark, 18)
Error creating proxy: The connection is closed (g-io-error-quark, 18)
Error creating proxy: The connection is closed (g-io-error-quark, 18)
Error creating proxy: The connection is closed (g-io-error-quark, 18)

(gedit:66389): dconf-WARNING **: 23:34:30.281: failed to commit changes to dconf: The connection is closed

(gedit:66389): dconf-WARNING **: 23:34:30.281: failed to commit changes to dconf: The connection is closed

(gedit:66389): dconf-WARNING **: 23:34:30.282: failed to commit changes to dconf: The connection is closed

** (gedit:66389): WARNING **: 23:34:52.643: Set document metadata failed: Setting attribute metadata::gedit-spell-language not supported

** (gedit:66389): WARNING **: 23:34:52.643: Set document metadata failed: Setting attribute metadata::gedit-encoding not supported

** (gedit:62074): WARNING **: 23:40:35.324: Set document metadata failed: Setting attribute metadata::gedit-spell-language not supported

** (gedit:62074): WARNING **: 23:40:35.324: Set document metadata failed: Setting attribute metadata::gedit-encoding not supported

** (gedit:62074): WARNING **: 23:40:39.389: Set document metadata failed: Setting attribute metadata::gedit-spell-language not supported

** (gedit:62074): WARNING **: 23:40:39.390: Set document metadata failed: Setting attribute metadata::gedit-encoding not supported

** (gedit:62074): WARNING **: 23:41:08.684: Set document metadata failed: Setting attribute metadata::gedit-spell-language not supported

** (gedit:62074): WARNING **: 23:41:08.684: Set document metadata failed: Setting attribute metadata::gedit-encoding not supported

** (gedit:62074): WARNING **: 23:41:17.229: Set document metadata failed: Setting attribute metadata::gedit-spell-language not supported

** (gedit:62074): WARNING **: 23:41:17.229: Set document metadata failed: Setting attribute metadata::gedit-encoding not supported

** (gedit:62074): WARNING **: 23:41:32.447: Set document metadata failed: Setting attribute metadata::gedit-spell-language not supported

** (gedit:62074): WARNING **: 23:41:32.448: Set document metadata failed: Setting attribute metadata::gedit-encoding not supported

** (gedit:62074): WARNING **: 23:41:47.870: Set document metadata failed: Setting attribute metadata::gedit-spell-language not supported

** (gedit:62074): WARNING **: 23:41:47.870: Set document metadata failed: Setting attribute metadata::gedit-encoding not supported

** (gedit:62074): WARNING **: 23:42:01.042: Set document metadata failed: Setting attribute metadata::gedit-spell-language not supported

** (gedit:62074): WARNING **: 23:42:01.042: Set document metadata failed: Setting attribute metadata::gedit-encoding not supported

** (gedit:62074): WARNING **: 23:42:12.752: Set document metadata failed: Setting attribute metadata::gedit-spell-language not supported

** (gedit:62074): WARNING **: 23:42:12.753: Set document metadata failed: Setting attribute metadata::gedit-encoding not supported

** (gedit:62074): WARNING **: 23:42:25.018: Set document metadata failed: Setting attribute metadata::gedit-spell-language not supported

** (gedit:62074): WARNING **: 23:42:25.018: Set document metadata failed: Setting attribute metadata::gedit-encoding not supported

** (gedit:62074): WARNING **: 23:43:33.412: Set document metadata failed: Setting attribute metadata::gedit-spell-language not supported

** (gedit:62074): WARNING **: 23:43:33.413: Set document metadata failed: Setting attribute metadata::gedit-encoding not supported

** (gedit:62074): WARNING **: 23:45:14.537: Set document metadata failed: Setting attribute metadata::gedit-spell-language not supported

** (gedit:62074): WARNING **: 23:45:14.537: Set document metadata failed: Setting attribute metadata::gedit-encoding not supported

** (gedit:62074): WARNING **: 23:46:14.189: Set document metadata failed: Setting attribute metadata::gedit-spell-language not supported

** (gedit:62074): WARNING **: 23:46:14.190: Set document metadata failed: Setting attribute metadata::gedit-encoding not supported

** (gedit:62074): WARNING **: 23:46:25.888: Set document metadata failed: Setting attribute metadata::gedit-spell-language not supported

** (gedit:62074): WARNING **: 23:46:25.888: Set document metadata failed: Setting attribute metadata::gedit-encoding not supported

** (gedit:66389): WARNING **: 23:48:15.592: Set document metadata failed: Setting attribute metadata::gedit-spell-language not supported

** (gedit:66389): WARNING **: 23:48:15.592: Set document metadata failed: Setting attribute metadata::gedit-encoding not supported

** (gedit:66389): WARNING **: 23:48:26.867: Set document metadata failed: Setting attribute metadata::gedit-spell-language not supported

** (gedit:66389): WARNING **: 23:48:26.868: Set document metadata failed: Setting attribute metadata::gedit-encoding not supported

** (gedit:66389): WARNING **: 23:48:36.252: Set document metadata failed: Setting attribute metadata::gedit-spell-language not supported

** (gedit:66389): WARNING **: 23:48:36.252: Set document metadata failed: Setting attribute metadata::gedit-encoding not supported

** (gedit:66389): WARNING **: 23:49:57.280: Set document metadata failed: Setting attribute metadata::gedit-spell-language not supported

** (gedit:66389): WARNING **: 23:49:57.280: Set document metadata failed: Setting attribute metadata::gedit-encoding not supported

** (gedit:66389): WARNING **: 23:50:05.682: Set document metadata failed: Setting attribute metadata::gedit-spell-language not supported

** (gedit:66389): WARNING **: 23:50:05.682: Set document metadata failed: Setting attribute metadata::gedit-encoding not supported

** (gedit:66389): WARNING **: 23:51:53.579: Set document metadata failed: Setting attribute metadata::gedit-spell-language not supported

** (gedit:66389): WARNING **: 23:51:53.579: Set document metadata failed: Setting attribute metadata::gedit-encoding not supported

** (gedit:66389): WARNING **: 23:52:05.937: Set document metadata failed: Setting attribute metadata::gedit-spell-language not supported

** (gedit:66389): WARNING **: 23:52:05.938: Set document metadata failed: Setting attribute metadata::gedit-encoding not supported

** (gedit:62074): WARNING **: 23:54:49.522: Set document metadata failed: Setting attribute metadata::gedit-spell-language not supported

** (gedit:62074): WARNING **: 23:54:49.522: Set document metadata failed: Setting attribute metadata::gedit-encoding not supported

** (gedit:66389): WARNING **: 23:56:21.452: Set document metadata failed: Setting attribute metadata::gedit-spell-language not supported

** (gedit:66389): WARNING **: 23:56:21.453: Set document metadata failed: Setting attribute metadata::gedit-encoding not supported

** (gedit:66389): WARNING **: 23:58:12.619: Set document metadata failed: Setting attribute metadata::gedit-spell-language not supported

** (gedit:66389): WARNING **: 23:58:12.619: Set document metadata failed: Setting attribute metadata::gedit-encoding not supported

** (gedit:66389): WARNING **: 23:58:20.974: Set document metadata failed: Setting attribute metadata::gedit-spell-language not supported

** (gedit:66389): WARNING **: 23:58:20.974: Set document metadata failed: Setting attribute metadata::gedit-encoding not supported

** (gedit:66389): WARNING **: 23:59:01.447: Set document metadata failed: Setting attribute metadata::gedit-spell-language not supported

** (gedit:66389): WARNING **: 23:59:01.448: Set document metadata failed: Setting attribute metadata::gedit-encoding not supported

** (gedit:62074): WARNING **: 00:01:40.342: Set document metadata failed: Setting attribute metadata::gedit-spell-language not supported

** (gedit:62074): WARNING **: 00:01:40.343: Set document metadata failed: Setting attribute metadata::gedit-encoding not supported

** (gedit:62074): WARNING **: 00:01:58.373: Set document metadata failed: Setting attribute metadata::gedit-spell-language not supported

** (gedit:62074): WARNING **: 00:01:58.374: Set document metadata failed: Setting attribute metadata::gedit-encoding not supported

** (gedit:62074): WARNING **: 00:02:09.399: Set document metadata failed: Setting attribute metadata::gedit-spell-language not supported

** (gedit:62074): WARNING **: 00:02:09.399: Set document metadata failed: Setting attribute metadata::gedit-encoding not supported

** (gedit:62074): WARNING **: 00:02:37.016: Set document metadata failed: Setting attribute metadata::gedit-spell-language not supported

** (gedit:62074): WARNING **: 00:02:37.016: Set document metadata failed: Setting attribute metadata::gedit-encoding not supported

** (gedit:62074): WARNING **: 00:03:06.690: Set document metadata failed: Setting attribute metadata::gedit-spell-language not supported

** (gedit:62074): WARNING **: 00:03:06.690: Set document metadata failed: Setting attribute metadata::gedit-encoding not supported

** (gedit:62074): WARNING **: 00:03:15.879: Set document metadata failed: Setting attribute metadata::gedit-spell-language not supported

** (gedit:62074): WARNING **: 00:03:15.880: Set document metadata failed: Setting attribute metadata::gedit-encoding not supported

** (gedit:62074): WARNING **: 00:03:29.462: Set document metadata failed: Setting attribute metadata::gedit-spell-language not supported

** (gedit:62074): WARNING **: 00:03:29.462: Set document metadata failed: Setting attribute metadata::gedit-encoding not supported

** (gedit:62074): WARNING **: 00:03:30.471: Set document metadata failed: Setting attribute metadata::gedit-spell-language not supported

** (gedit:62074): WARNING **: 00:03:30.471: Set document metadata failed: Setting attribute metadata::gedit-encoding not supported

** (gedit:62074): WARNING **: 00:03:47.981: Set document metadata failed: Setting attribute metadata::gedit-spell-language not supported

** (gedit:62074): WARNING **: 00:03:47.982: Set document metadata failed: Setting attribute metadata::gedit-encoding not supported

** (gedit:66389): WARNING **: 00:05:17.755: Set document metadata failed: Setting attribute metadata::gedit-spell-language not supported

** (gedit:66389): WARNING **: 00:05:17.755: Set document metadata failed: Setting attribute metadata::gedit-encoding not supported

** (gedit:66389): WARNING **: 00:05:57.541: Set document metadata failed: Setting attribute metadata::gedit-spell-language not supported

** (gedit:66389): WARNING **: 00:05:57.541: Set document metadata failed: Setting attribute metadata::gedit-encoding not supported

** (gedit:66389): WARNING **: 00:14:32.303: Set document metadata failed: Setting attribute metadata::gedit-spell-language not supported

** (gedit:66389): WARNING **: 00:14:32.303: Set document metadata failed: Setting attribute metadata::gedit-encoding not supported

** (gedit:66389): WARNING **: 00:14:55.172: Set document metadata failed: Setting attribute metadata::gedit-spell-language not supported

** (gedit:66389): WARNING **: 00:14:55.173: Set document metadata failed: Setting attribute metadata::gedit-encoding not supported

** (gedit:62074): WARNING **: 00:21:19.219: Set document metadata failed: Setting attribute metadata::gedit-spell-language not supported

** (gedit:62074): WARNING **: 00:21:19.219: Set document metadata failed: Setting attribute metadata::gedit-encoding not supported

** (gedit:62074): WARNING **: 00:21:25.048: Set document metadata failed: Setting attribute metadata::gedit-spell-language not supported

** (gedit:62074): WARNING **: 00:21:25.049: Set document metadata failed: Setting attribute metadata::gedit-encoding not supported

** (gedit:62074): WARNING **: 00:21:44.970: Set document metadata failed: Setting attribute metadata::gedit-spell-language not supported

** (gedit:62074): WARNING **: 00:21:44.971: Set document metadata failed: Setting attribute metadata::gedit-encoding not supported

** (gedit:62074): WARNING **: 00:21:48.992: Set document metadata failed: Setting attribute metadata::gedit-spell-language not supported

** (gedit:62074): WARNING **: 00:21:48.992: Set document metadata failed: Setting attribute metadata::gedit-encoding not supported

** (gedit:62074): WARNING **: 00:22:54.981: Set document metadata failed: Setting attribute metadata::gedit-spell-language not supported

** (gedit:62074): WARNING **: 00:22:54.982: Set document metadata failed: Setting attribute metadata::gedit-encoding not supported

** (gedit:62074): WARNING **: 00:23:36.927: Set document metadata failed: Setting attribute metadata::gedit-spell-language not supported

** (gedit:62074): WARNING **: 00:23:36.927: Set document metadata failed: Setting attribute metadata::gedit-encoding not supported

** (gedit:62074): WARNING **: 00:24:15.978: Set document metadata failed: Setting attribute metadata::gedit-spell-language not supported

** (gedit:62074): WARNING **: 00:24:15.979: Set document metadata failed: Setting attribute metadata::gedit-encoding not supported

** (gedit:62074): WARNING **: 00:24:39.748: Set document metadata failed: Setting attribute metadata::gedit-spell-language not supported

** (gedit:62074): WARNING **: 00:24:39.748: Set document metadata failed: Setting attribute metadata::gedit-encoding not supported

** (gedit:62074): WARNING **: 00:25:56.768: Set document metadata failed: Setting attribute metadata::gedit-spell-language not supported

** (gedit:62074): WARNING **: 00:25:56.769: Set document metadata failed: Setting attribute metadata::gedit-encoding not supported
